c:\users\jonat\github\jonp_aianddatastructuresproj\thefirst48\thefirst48\debug\vc142.pdb
c:\users\jonat\github\jonp_aianddatastructuresproj\thefirst48\thefirst48\debug\vc142.idb
c:\users\jonat\github\jonp_aianddatastructuresproj\thefirst48\thefirst48\debug\suspects.obj
c:\users\jonat\github\jonp_aianddatastructuresproj\thefirst48\thefirst48\debug\suspectpool.obj
c:\users\jonat\github\jonp_aianddatastructuresproj\thefirst48\thefirst48\debug\startscreen.obj
c:\users\jonat\github\jonp_aianddatastructuresproj\thefirst48\thefirst48\debug\scenemanager.obj
c:\users\jonat\github\jonp_aianddatastructuresproj\thefirst48\thefirst48\debug\main.obj
c:\users\jonat\github\jonp_aianddatastructuresproj\thefirst48\thefirst48\debug\inputmanager.obj
c:\users\jonat\github\jonp_aianddatastructuresproj\thefirst48\thefirst48\debug\game.obj
c:\users\jonat\github\jonp_aianddatastructuresproj\thefirst48\thefirst48\debug\emotions.obj
c:\users\jonat\github\jonp_aianddatastructuresproj\thefirst48\thefirst48\debug\cases.obj
c:\users\jonat\github\jonp_aianddatastructuresproj\thefirst48\thefirst48\debug\casepool.obj
c:\users\jonat\github\jonp_aianddatastructuresproj\thefirst48\thefirst48\debug\casemanager.obj
c:\users\jonat\github\jonp_aianddatastructuresproj\thefirst48\debug\thefirst48.exe
c:\users\jonat\github\jonp_aianddatastructuresproj\thefirst48\debug\thefirst48.ilk
c:\users\jonat\github\jonp_aianddatastructuresproj\thefirst48\debug\thefirst48.pdb
c:\users\jonat\github\jonp_aianddatastructuresproj\thefirst48\thefirst48\debug\thefirst48.tlog\cl.command.1.tlog
c:\users\jonat\github\jonp_aianddatastructuresproj\thefirst48\thefirst48\debug\thefirst48.tlog\cl.read.1.tlog
c:\users\jonat\github\jonp_aianddatastructuresproj\thefirst48\thefirst48\debug\thefirst48.tlog\cl.write.1.tlog
c:\users\jonat\github\jonp_aianddatastructuresproj\thefirst48\thefirst48\debug\thefirst48.tlog\link.command.1.tlog
c:\users\jonat\github\jonp_aianddatastructuresproj\thefirst48\thefirst48\debug\thefirst48.tlog\link.read.1.tlog
c:\users\jonat\github\jonp_aianddatastructuresproj\thefirst48\thefirst48\debug\thefirst48.tlog\link.write.1.tlog
